1528318678609	geckodriver	INFO	geckodriver 0.20.1
1528318678692	geckodriver	INFO	Listening on 127.0.0.1:49386
1528318679631	mozrunner::runner	INFO	Running command: "/Applications/Firefox.app/Contents/MacOS/firefox-bin" "-marionette" "-profile" "/var/folders/w7/_7qwx7rj0ld46zc80qvccc9c0000gn/T/rust_mozprofile.7VyUwMQjamI0"
2018-06-06 13:58:00.968 plugin-container[28059:850356] *** CFMessagePort: bootstrap_register(): failed 1100 (0x44c) 'Permission denied', port = 0x7d3f, name = 'com.apple.tsm.portname'
See /usr/include/servers/bootstrap_defs.h for the error codes.
2018-06-06 13:58:01.175 plugin-container[28059:850356] *** CFMessagePort: bootstrap_register(): failed 1100 (0x44c) 'Permission denied', port = 0x7d5b, name = 'com.apple.coredrag'
See /usr/include/servers/bootstrap_defs.h for the error codes.
1528318681377	Marionette	INFO	Listening on port 49397
1528318681400	Marionette	WARN	TLS certificate errors will be ignored for this session
2018-06-06 13:58:01.814 plugin-container[28060:850472] *** CFMessagePort: bootstrap_register(): failed 1100 (0x44c) 'Permission denied', port = 0x8843, name = 'com.apple.tsm.portname'
See /usr/include/servers/bootstrap_defs.h for the error codes.
2018-06-06 13:58:01.904 plugin-container[28060:850472] *** CFMessagePort: bootstrap_register(): failed 1100 (0x44c) 'Permission denied', port = 0x881f, name = 'com.apple.coredrag'
See /usr/include/servers/bootstrap_defs.h for the error codes.
JavaScript error: http://inventwithpython.com/js/bootstrap.min.js, line 7: Error: Bootstrap tooltips require Tether (http://tether.io/)
2018-06-06 14:11:51.380 firefox-bin[28058:850291] IMKInputSession [0x10ff90f70 presentFunctionRowItemTextInputViewWithEndpoint:completionHandler:] : [self textInputContext]=0x118cfeb20 *NO* NSRemoteViewController to client, NSError=Error Domain=NSCocoaErrorDomain Code=4097 "connection from pid 0" UserInfo={NSDebugDescription=connection from pid 0}, com.apple.inputmethod.EmojiFunctionRowItem
2018-06-06 14:18:05.080 firefox-bin[28058:850291] IMKInputSession [0x10ff90f70 presentFunctionRowItemTextInputViewWithEndpoint:completionHandler:] : [self textInputContext]=0x118cfeb20 *NO* NSRemoteViewController to client, NSError=Error Domain=NSCocoaErrorDomain Code=4097 "connection from pid 0" UserInfo={NSDebugDescription=connection from pid 0}, com.apple.inputmethod.EmojiFunctionRowItem
2018-06-06 14:18:12.832 firefox-bin[28058:850291] IMKInputSession [0x10ff90f70 presentFunctionRowItemTextInputViewWithEndpoint:completionHandler:] : [self textInputContext]=0x118cfeb20 *NO* NSRemoteViewController to client, NSError=Error Domain=NSCocoaErrorDomain Code=4097 "connection from pid 0" UserInfo={NSDebugDescription=connection from pid 0}, com.apple.inputmethod.EmojiFunctionRowItem
2018-06-06 14:18:16.752 firefox-bin[28058:850291] IMKInputSession [0x10ff90f70 presentFunctionRowItemTextInputViewWithEndpoint:completionHandler:] : [self textInputContext]=0x118cfeb20 *NO* NSRemoteViewController to client, NSError=Error Domain=NSCocoaErrorDomain Code=4097 "connection from pid 0" UserInfo={NSDebugDescription=connection from pid 0}, com.apple.inputmethod.EmojiFunctionRowItem
JavaScript error: chrome://global/content/browser-child.js, line 423: NS_ERROR_FAILURE: Component returned failure code: 0x80004005 (NS_ERROR_FAILURE) [nsIDocShell.doCommandWithParams]
2018-06-06 14:18:21.880 firefox-bin[28058:850291] IMKInputSession [0x10ff90f70 presentFunctionRowItemTextInputViewWithEndpoint:completionHandler:] : [self textInputContext]=0x118cfeb20 *NO* NSRemoteViewController to client, NSError=Error Domain=NSCocoaErrorDomain Code=4097 "connection from pid 0" UserInfo={NSDebugDescription=connection from pid 0}, com.apple.inputmethod.EmojiFunctionRowItem
2018-06-06 14:18:58.443 firefox-bin[28058:850291] IMKInputSession [0x10ff90f70 presentFunctionRowItemTextInputViewWithEndpoint:completionHandler:] : [self textInputContext]=0x118cfeb20 *NO* NSRemoteViewController to client, NSError=Error Domain=NSCocoaErrorDomain Code=4097 "connection from pid 0" UserInfo={NSDebugDescription=connection from pid 0}, com.apple.inputmethod.EmojiFunctionRowItem
2018-06-06 14:19:59.523 firefox-bin[28058:850291] IMKInputSession [0x10ff90f70 presentFunctionRowItemTextInputViewWithEndpoint:completionHandler:] : [self textInputContext]=0x118cfeb20 *NO* NSRemoteViewController to client, NSError=Error Domain=NSCocoaErrorDomain Code=4097 "connection from pid 0" UserInfo={NSDebugDescription=connection from pid 0}, com.apple.inputmethod.EmojiFunctionRowItem
2018-06-06 14:20:09.549 firefox-bin[28058:850291] IMKInputSession [0x10ff90f70 presentFunctionRowItemTextInputViewWithEndpoint:completionHandler:] : [self textInputContext]=0x118cfeb20 *NO* NSRemoteViewController to client, NSError=Error Domain=NSCocoaErrorDomain Code=4097 "connection from pid 0" UserInfo={NSDebugDescription=connection from pid 0}, com.apple.inputmethod.EmojiFunctionRowItem
2018-06-06 14:22:29.801 firefox-bin[28058:850291] IMKInputSession [0x10ff90f70 presentFunctionRowItemTextInputViewWithEndpoint:completionHandler:] : [self textInputContext]=0x118cfeb20 *NO* NSRemoteViewController to client, NSError=Error Domain=NSCocoaErrorDomain Code=4097 "connection from pid 0" UserInfo={NSDebugDescription=connection from pid 0}, com.apple.inputmethod.EmojiFunctionRowItem
2018-06-06 14:23:22.557 firefox-bin[28058:850291] IMKInputSession [0x10ff90f70 presentFunctionRowItemTextInputViewWithEndpoint:completionHandler:] : [self textInputContext]=0x118cfeb20 *NO* NSRemoteViewController to client, NSError=Error Domain=NSCocoaErrorDomain Code=4097 "connection from pid 0" UserInfo={NSDebugDescription=connection from pid 0}, com.apple.inputmethod.EmojiFunctionRowItem
JavaScript error: http://inventwithpython.com/js/bootstrap.min.js, line 7: Error: Bootstrap tooltips require Tether (http://tether.io/)
2018-06-06 14:26:36.522 firefox-bin[28058:850291] IMKInputSession [0x10ff90f70 presentFunctionRowItemTextInputViewWithEndpoint:completionHandler:] : [self textInputContext]=0x118cfeb20 *NO* NSRemoteViewController to client, NSError=Error Domain=NSCocoaErrorDomain Code=4097 "connection from pid 0" UserInfo={NSDebugDescription=connection from pid 0}, com.apple.inputmethod.EmojiFunctionRowItem
1528326701068	geckodriver	INFO	geckodriver 0.20.1
1528326701148	geckodriver	INFO	Listening on 127.0.0.1:52816
1528326702097	mozrunner::runner	INFO	Running command: "/Applications/Firefox.app/Contents/MacOS/firefox-bin" "-marionette" "-profile" "/var/folders/w7/_7qwx7rj0ld46zc80qvccc9c0000gn/T/rust_mozprofile.OjhO03QRvNSX"
2018-06-06 16:11:43.511 plugin-container[28305:920982] *** CFMessagePort: bootstrap_register(): failed 1100 (0x44c) 'Permission denied', port = 0x783f, name = 'com.apple.tsm.portname'
See /usr/include/servers/bootstrap_defs.h for the error codes.
2018-06-06 16:11:43.733 plugin-container[28305:920982] *** CFMessagePort: bootstrap_register(): failed 1100 (0x44c) 'Permission denied', port = 0x78d7, name = 'com.apple.coredrag'
See /usr/include/servers/bootstrap_defs.h for the error codes.
1528326703986	Marionette	INFO	Listening on port 52827
1528326704088	Marionette	WARN	TLS certificate errors will be ignored for this session
2018-06-06 16:11:44.383 plugin-container[28306:921097] *** CFMessagePort: bootstrap_register(): failed 1100 (0x44c) 'Permission denied', port = 0x7803, name = 'com.apple.tsm.portname'
See /usr/include/servers/bootstrap_defs.h for the error codes.
2018-06-06 16:11:44.476 plugin-container[28306:921097] *** CFMessagePort: bootstrap_register(): failed 1100 (0x44c) 'Permission denied', port = 0x789b, name = 'com.apple.coredrag'
See /usr/include/servers/bootstrap_defs.h for the error codes.
2018-06-06 16:12:31.079 firefox-bin[28304:920899] IMKInputSession [0x1230a6d30 presentFunctionRowItemTextInputViewWithEndpoint:completionHandler:] : [self textInputContext]=0x11fd63fa0 *NO* NSRemoteViewController to client, NSError=Error Domain=NSCocoaErrorDomain Code=4097 "connection from pid 0" UserInfo={NSDebugDescription=connection from pid 0}, com.apple.inputmethod.EmojiFunctionRowItem
2018-06-06 16:12:31.286 firefox-bin[28304:920899] IMKInputSession [0x1230a6d30 presentFunctionRowItemTextInputViewWithEndpoint:completionHandler:] : [self textInputContext]=0x11fd63fa0 *NO* NSRemoteViewController to client, NSError=Error Domain=NSCocoaErrorDomain Code=4097 "connection from pid 0" UserInfo={NSDebugDescription=connection from pid 0}, com.apple.inputmethod.EmojiFunctionRowItem
console.warn: LoginRecipes: getRecipes: falling back to a synchronous message for: https://accounts.google.com
console.warn: nsLoginManager: searchLogins: `formSubmitURL` or `httpRealm` is recommended
2018-06-06 16:12:59.499 firefox-bin[28304:920899] IMKInputSession [0x1230a6d30 presentFunctionRowItemTextInputViewWithEndpoint:completionHandler:] : [self textInputContext]=0x11fd63fa0 *NO* NSRemoteViewController to client, NSError=Error Domain=NSCocoaErrorDomain Code=4097 "connection from pid 0" UserInfo={NSDebugDescription=connection from pid 0}, com.apple.inputmethod.EmojiFunctionRowItem
2018-06-06 16:13:13.275 firefox-bin[28304:920899] IMKInputSession [0x1230a6d30 presentFunctionRowItemTextInputViewWithEndpoint:completionHandler:] : [self textInputContext]=0x11fd63fa0 *NO* NSRemoteViewController to client, NSError=Error Domain=NSCocoaErrorDomain Code=4097 "connection from pid 0" UserInfo={NSDebugDescription=connection from pid 0}, com.apple.inputmethod.EmojiFunctionRowItem
2018-06-06 16:13:22.666 firefox-bin[28304:920899] IMKInputSession [0x1230a6d30 presentFunctionRowItemTextInputViewWithEndpoint:completionHandler:] : [self textInputContext]=0x11fd63fa0 *NO* NSRemoteViewController to client, NSError=Error Domain=NSCocoaErrorDomain Code=4097 "connection from pid 0" UserInfo={NSDebugDescription=connection from pid 0}, com.apple.inputmethod.EmojiFunctionRowItem
2018-06-06 16:13:33.687 firefox-bin[28304:920899] IMKInputSession [0x1230a6d30 presentFunctionRowItemTextInputViewWithEndpoint:completionHandler:] : [self textInputContext]=0x11fd63fa0 *NO* NSRemoteViewController to client, NSError=Error Domain=NSCocoaErrorDomain Code=4097 "connection from pid 0" UserInfo={NSDebugDescription=connection from pid 0}, com.apple.inputmethod.EmojiFunctionRowItem
1528326833132	geckodriver	INFO	geckodriver 0.20.1
1528326833210	geckodriver	INFO	Listening on 127.0.0.1:52923
1528326834160	mozrunner::runner	INFO	Running command: "/Applications/Firefox.app/Contents/MacOS/firefox-bin" "-marionette" "-profile" "/var/folders/w7/_7qwx7rj0ld46zc80qvccc9c0000gn/T/rust_mozprofile.V1X4BpxU0cFd"
2018-06-06 16:13:55.527 plugin-container[28313:922848] *** CFMessagePort: bootstrap_register(): failed 1100 (0x44c) 'Permission denied', port = 0x7903, name = 'com.apple.tsm.portname'
See /usr/include/servers/bootstrap_defs.h for the error codes.
2018-06-06 16:13:55.644 plugin-container[28313:922848] *** CFMessagePort: bootstrap_register(): failed 1100 (0x44c) 'Permission denied', port = 0x799b, name = 'com.apple.coredrag'
See /usr/include/servers/bootstrap_defs.h for the error codes.
1528326835986	Marionette	INFO	Listening on port 52934
1528326836051	Marionette	WARN	TLS certificate errors will be ignored for this session
2018-06-06 16:13:56.367 plugin-container[28314:922953] *** CFMessagePort: bootstrap_register(): failed 1100 (0x44c) 'Permission denied', port = 0x7743, name = 'com.apple.tsm.portname'
See /usr/include/servers/bootstrap_defs.h for the error codes.
2018-06-06 16:13:56.453 plugin-container[28314:922953] *** CFMessagePort: bootstrap_register(): failed 1100 (0x44c) 'Permission denied', port = 0x7723, name = 'com.apple.coredrag'
See /usr/include/servers/bootstrap_defs.h for the error codes.
2018-06-06 16:14:18.238 firefox-bin[28312:922778] IMKInputSession [0x118c92dc0 presentFunctionRowItemTextInputViewWithEndpoint:completionHandler:] : [self textInputContext]=0x119114dc0 *NO* NSRemoteViewController to client, NSError=Error Domain=NSCocoaErrorDomain Code=4097 "connection from pid 0" UserInfo={NSDebugDescription=connection from pid 0}, com.apple.inputmethod.EmojiFunctionRowItem
2018-06-06 16:14:18.253 firefox-bin[28312:922778] IMKInputSession [0x118c92dc0 presentFunctionRowItemTextInputViewWithEndpoint:completionHandler:] : [self textInputContext]=0x119114dc0 *NO* NSRemoteViewController to client, NSError=Error Domain=NSCocoaErrorDomain Code=4097 "connection from pid 0" UserInfo={NSDebugDescription=connection from pid 0}, com.apple.inputmethod.EmojiFunctionRowItem
JavaScript error: chrome://browser/content/browser-gestureSupport.js, line 449: TypeError: window.content is null
JavaScript error: chrome://browser/content/browser-gestureSupport.js, line 449: TypeError: window.content is null
JavaScript error: chrome://browser/content/browser-gestureSupport.js, line 449: TypeError: window.content is null
JavaScript error: chrome://browser/content/browser-gestureSupport.js, line 449: TypeError: window.content is null
JavaScript error: chrome://browser/content/browser-gestureSupport.js, line 449: TypeError: window.content is null
JavaScript error: chrome://browser/content/browser-gestureSupport.js, line 449: TypeError: window.content is null
JavaScript error: chrome://browser/content/browser-gestureSupport.js, line 449: TypeError: window.content is null
JavaScript error: chrome://browser/content/browser-gestureSupport.js, line 449: TypeError: window.content is null
JavaScript error: chrome://browser/content/browser-gestureSupport.js, line 449: TypeError: window.content is null
JavaScript error: chrome://browser/content/browser-gestureSupport.js, line 449: TypeError: window.content is null
JavaScript error: chrome://browser/content/browser-gestureSupport.js, line 449: TypeError: window.content is null
JavaScript error: chrome://browser/content/browser-gestureSupport.js, line 449: TypeError: window.content is null
2018-06-06 16:14:22.858 firefox-bin[28312:922778] -deltaZ is deprecated for NSEventTypeMagnify.  Please use -magnification.
console.warn: LoginRecipes: getRecipes: falling back to a synchronous message for: https://accounts.google.com
console.warn: nsLoginManager: searchLogins: `formSubmitURL` or `httpRealm` is recommended
2018-06-06 16:15:50.749 firefox-bin[28312:922778] IMKInputSession [0x118c92dc0 presentFunctionRowItemTextInputViewWithEndpoint:completionHandler:] : [self textInputContext]=0x119114dc0 *NO* NSRemoteViewController to client, NSError=Error Domain=NSCocoaErrorDomain Code=4097 "connection from pid 0" UserInfo={NSDebugDescription=connection from pid 0}, com.apple.inputmethod.EmojiFunctionRowItem
console.error: "Got a removal of an actor we didn't know about: server1.conn0.child1/domnode139"
console.error: "Got an addition of an actor we didn't know about: server1.conn0.child1/domnode309"
2018-06-06 16:18:16.007 firefox-bin[28312:922778] IMKInputSession [0x118c92dc0 presentFunctionRowItemTextInputViewWithEndpoint:completionHandler:] : [self textInputContext]=0x119114dc0 *NO* NSRemoteViewController to client, NSError=Error Domain=NSCocoaErrorDomain Code=4097 "connection from pid 0" UserInfo={NSDebugDescription=connection from pid 0}, com.apple.inputmethod.EmojiFunctionRowItem
2018-06-06 16:18:18.783 firefox-bin[28312:922778] IMKInputSession [0x118c92dc0 presentFunctionRowItemTextInputViewWithEndpoint:completionHandler:] : [self textInputContext]=0x119114dc0 *NO* NSRemoteViewController to client, NSError=Error Domain=NSCocoaErrorDomain Code=4097 "connection from pid 0" UserInfo={NSDebugDescription=connection from pid 0}, com.apple.inputmethod.EmojiFunctionRowItem
2018-06-06 16:18:55.276 firefox-bin[28312:922778] IMKInputSession [0x118c92dc0 presentFunctionRowItemTextInputViewWithEndpoint:completionHandler:] : [self textInputContext]=0x119114dc0 *NO* NSRemoteViewController to client, NSError=Error Domain=NSCocoaErrorDomain Code=4097 "connection from pid 0" UserInfo={NSDebugDescription=connection from pid 0}, com.apple.inputmethod.EmojiFunctionRowItem
console.warn: LoginRecipes: getRecipes: falling back to a synchronous message for: https://accounts.google.com
2018-06-06 16:18:57.132 firefox-bin[28312:922778] IMKInputSession [0x118c92dc0 presentFunctionRowItemTextInputViewWithEndpoint:completionHandler:] : [self textInputContext]=0x119114dc0 *NO* NSRemoteViewController to client, NSError=Error Domain=NSCocoaErrorDomain Code=4097 "connection from pid 0" UserInfo={NSDebugDescription=connection from pid 0}, com.apple.inputmethod.EmojiFunctionRowItem
console.warn: nsLoginManager: searchLogins: `formSubmitURL` or `httpRealm` is recommended
2018-06-06 16:20:08.306 firefox-bin[28312:922778] IMKInputSession [0x118c92dc0 presentFunctionRowItemTextInputViewWithEndpoint:completionHandler:] : [self textInputContext]=0x119114dc0 *NO* NSRemoteViewController to client, NSError=Error Domain=NSCocoaErrorDomain Code=4097 "connection from pid 0" UserInfo={NSDebugDescription=connection from pid 0}, com.apple.inputmethod.EmojiFunctionRowItem
2018-06-06 16:22:08.186 firefox-bin[28312:922778] IMKInputSession [0x118c92dc0 presentFunctionRowItemTextInputViewWithEndpoint:completionHandler:] : [self textInputContext]=0x119114dc0 *NO* NSRemoteViewController to client, NSError=Error Domain=NSCocoaErrorDomain Code=4097 "connection from pid 0" UserInfo={NSDebugDescription=connection from pid 0}, com.apple.inputmethod.EmojiFunctionRowItem
2018-06-06 16:23:31.132 firefox-bin[28312:922778] IMKInputSession [0x118c92dc0 presentFunctionRowItemTextInputViewWithEndpoint:completionHandler:] : [self textInputContext]=0x119114dc0 *NO* NSRemoteViewController to client, NSError=Error Domain=NSCocoaErrorDomain Code=4097 "connection from pid 0" UserInfo={NSDebugDescription=connection from pid 0}, com.apple.inputmethod.EmojiFunctionRowItem
2018-06-06 16:23:32.630 plugin-container[28323:929183] *** CFMessagePort: bootstrap_register(): failed 1100 (0x44c) 'Permission denied', port = 0x893f, name = 'com.apple.tsm.portname'
See /usr/include/servers/bootstrap_defs.h for the error codes.
2018-06-06 16:23:32.761 plugin-container[28323:929183] *** CFMessagePort: bootstrap_register(): failed 1100 (0x44c) 'Permission denied', port = 0x895b, name = 'com.apple.coredrag'
See /usr/include/servers/bootstrap_defs.h for the error codes.
2018-06-06 16:25:03.512 firefox-bin[28312:922778] IMKInputSession [0x118c92dc0 presentFunctionRowItemTextInputViewWithEndpoint:completionHandler:] : [self textInputContext]=0x119114dc0 *NO* NSRemoteViewController to client, NSError=Error Domain=NSCocoaErrorDomain Code=4097 "connection from pid 0" UserInfo={NSDebugDescription=connection from pid 0}, com.apple.inputmethod.EmojiFunctionRowItem

###!!! [Child][MessageChannel] Error: (msgtype=0x48000E,name=PHttpChannel::Msg_DeletingChannel) Channel closing: too late to send/recv, messages will be lost


###!!! [Child][MessageChannel] Error: (msgtype=0x48000E,name=PHttpChannel::Msg_DeletingChannel) Channel closing: too late to send/recv, messages will be lost


###!!! [Child][MessageChannel] Error: (msgtype=0x48000E,name=PHttpChannel::Msg_DeletingChannel) Channel closing: too late to send/recv, messages will be lost

2018-06-06 16:25:15.289 firefox-bin[28312:922778] IMKInputSession [0x118c92dc0 presentFunctionRowItemTextInputViewWithEndpoint:completionHandler:] : [self textInputContext]=0x119114dc0 *NO* NSRemoteViewController to client, NSError=Error Domain=NSCocoaErrorDomain Code=4097 "connection from pid 0" UserInfo={NSDebugDescription=connection from pid 0}, com.apple.inputmethod.EmojiFunctionRowItem
Handler function NetworkEventActorProxy.addSecurityInfo threw an exception: [Exception... "Component returned failure code: 0xc1f30001 (NS_ERROR_NOT_INITIALIZED) [nsIMessageSender.sendAsyncMessage]"  nsresult: "0xc1f30001 (NS_ERROR_NOT_INITIALIZED)"  location: "JS frame :: resource://devtools/shared/base-loader.js -> resource://devtools/shared/webconsole/network-monitor.js :: NetworkEventActorProxy.methodFactory/< :: line 1875"  data: no]
Stack: NetworkEventActorProxy.methodFactory/<@resource://devtools/shared/base-loader.js -> resource://devtools/shared/webconsole/network-monitor.js:1875:5
exports.makeInfallible/<@resource://devtools/shared/base-loader.js -> resource://devtools/shared/ThreadSafeDevToolsUtils.js:109:14
NetworkResponseListener.prototype._getSecurityInfo<@resource://devtools/shared/base-loader.js -> resource://devtools/shared/webconsole/network-monitor.js:521:5
exports.makeInfallible/<@resource://devtools/shared/base-loader.js -> resource://devtools/shared/ThreadSafeDevToolsUtils.js:109:14
onStartRequest@resource://devtools/shared/base-loader.js -> resource://devtools/shared/webconsole/network-monitor.js:441:5
Line: 1875, column: 0
console.error: "Handler function NetworkEventActorProxy.addSecurityInfo threw an exception: [Exception... \"Component returned failure code: 0xc1f30001 (NS_ERROR_NOT_INITIALIZED) [nsIMessageSender.sendAsyncMessage]\"  nsresult: \"0xc1f30001 (NS_ERROR_NOT_INITIALIZED)\"  location: \"JS frame :: resource://devtools/shared/base-loader.js -> resource://devtools/shared/webconsole/network-monitor.js :: NetworkEventActorProxy.methodFactory/< :: line 1875\"  data: no]\nStack: NetworkEventActorProxy.methodFactory/<@resource://devtools/shared/base-loader.js -> resource://devtools/shared/webconsole/network-monitor.js:1875:5\nexports.makeInfallible/<@resource://devtools/shared/base-loader.js -> resource://devtools/shared/ThreadSafeDevToolsUtils.js:109:14\nNetworkResponseListener.prototype._getSecurityInfo<@resource://devtools/shared/base-loader.js -> resource://devtools/shared/webconsole/network-monitor.js:521:5\nexports.makeInfallible/<@resource://devtools/shared/base-loader.js -> resource://devtools/shared/ThreadSafeDevToolsUtils.js:109:14\nonStartRequest@resource://devtools/shared/base-loader.js -> resource://devtools/shared/webconsole/network-monitor.js:441:5\nLine: 1875, column: 0"
Handler function NetworkEventActorProxy.addSecurityInfo threw an exception: [Exception... "Component returned failure code: 0xc1f30001 (NS_ERROR_NOT_INITIALIZED) [nsIMessageSender.sendAsyncMessage]"  nsresult: "0xc1f30001 (NS_ERROR_NOT_INITIALIZED)"  location: "JS frame :: resource://devtools/shared/base-loader.js -> resource://devtools/shared/webconsole/network-monitor.js :: NetworkEventActorProxy.methodFactory/< :: line 1875"  data: no]
Stack: NetworkEventActorProxy.methodFactory/<@resource://devtools/shared/base-loader.js -> resource://devtools/shared/webconsole/network-monitor.js:1875:5
exports.makeInfallible/<@resource://devtools/shared/base-loader.js -> resource://devtools/shared/ThreadSafeDevToolsUtils.js:109:14
NetworkResponseListener.prototype._getSecurityInfo<@resource://devtools/shared/base-loader.js -> resource://devtools/shared/webconsole/network-monitor.js:521:5
exports.makeInfallible/<@resource://devtools/shared/base-loader.js -> resource://devtools/shared/ThreadSafeDevToolsUtils.js:109:14
onStartRequest@resource://devtools/shared/base-loader.js -> resource://devtools/shared/webconsole/network-monitor.js:441:5
Line: 1875, column: 0
console.error: "Handler function NetworkEventActorProxy.addSecurityInfo threw an exception: [Exception... \"Component returned failure code: 0xc1f30001 (NS_ERROR_NOT_INITIALIZED) [nsIMessageSender.sendAsyncMessage]\"  nsresult: \"0xc1f30001 (NS_ERROR_NOT_INITIALIZED)\"  location: \"JS frame :: resource://devtools/shared/base-loader.js -> resource://devtools/shared/webconsole/network-monitor.js :: NetworkEventActorProxy.methodFactory/< :: line 1875\"  data: no]\nStack: NetworkEventActorProxy.methodFactory/<@resource://devtools/shared/base-loader.js -> resource://devtools/shared/webconsole/network-monitor.js:1875:5\nexports.makeInfallible/<@resource://devtools/shared/base-loader.js -> resource://devtools/shared/ThreadSafeDevToolsUtils.js:109:14\nNetworkResponseListener.prototype._getSecurityInfo<@resource://devtools/shared/base-loader.js -> resource://devtools/shared/webconsole/network-monitor.js:521:5\nexports.makeInfallible/<@resource://devtools/shared/base-loader.js -> resource://devtools/shared/ThreadSafeDevToolsUtils.js:109:14\nonStartRequest@resource://devtools/shared/base-loader.js -> resource://devtools/shared/webconsole/network-monitor.js:441:5\nLine: 1875, column: 0"
Handler function NetworkEventActorProxy.addResponseContent threw an exception: [Exception... "Component returned failure code: 0xc1f30001 (NS_ERROR_NOT_INITIALIZED) [nsIMessageSender.sendAsyncMessage]"  nsresult: "0xc1f30001 (NS_ERROR_NOT_INITIALIZED)"  location: "JS frame :: resource://devtools/shared/base-loader.js -> resource://devtools/shared/webconsole/network-monitor.js :: NetworkEventActorProxy.methodFactory/< :: line 1875"  data: no]
Stack: NetworkEventActorProxy.methodFactory/<@resource://devtools/shared/base-loader.js -> resource://devtools/shared/webconsole/network-monitor.js:1875:5
exports.makeInfallible/<@resource://devtools/shared/base-loader.js -> resource://devtools/shared/ThreadSafeDevToolsUtils.js:109:14
_onComplete@resource://devtools/shared/base-loader.js -> resource://devtools/shared/webconsole/network-monitor.js:651:5
onStreamClose@resource://devtools/shared/base-loader.js -> resource://devtools/shared/webconsole/network-monitor.js:600:7
onInputStreamReady@resource://devtools/shared/base-loader.js -> resource://devtools/shared/webconsole/network-monitor.js:702:7
Line: 1875, column: 0
console.error: "Handler function NetworkEventActorProxy.addResponseContent threw an exception: [Exception... \"Component returned failure code: 0xc1f30001 (NS_ERROR_NOT_INITIALIZED) [nsIMessageSender.sendAsyncMessage]\"  nsresult: \"0xc1f30001 (NS_ERROR_NOT_INITIALIZED)\"  location: \"JS frame :: resource://devtools/shared/base-loader.js -> resource://devtools/shared/webconsole/network-monitor.js :: NetworkEventActorProxy.methodFactory/< :: line 1875\"  data: no]\nStack: NetworkEventActorProxy.methodFactory/<@resource://devtools/shared/base-loader.js -> resource://devtools/shared/webconsole/network-monitor.js:1875:5\nexports.makeInfallible/<@resource://devtools/shared/base-loader.js -> resource://devtools/shared/ThreadSafeDevToolsUtils.js:109:14\n_onComplete@resource://devtools/shared/base-loader.js -> resource://devtools/shared/webconsole/network-monitor.js:651:5\nonStreamClose@resource://devtools/shared/base-loader.js -> resource://devtools/shared/webconsole/network-monitor.js:600:7\nonInputStreamReady@resource://devtools/shared/base-loader.js -> resource://devtools/shared/webconsole/network-monitor.js:702:7\nLine: 1875, column: 0"
Handler function NetworkEventActorProxy.addResponseContent threw an exception: [Exception... "Component returned failure code: 0xc1f30001 (NS_ERROR_NOT_INITIALIZED) [nsIMessageSender.sendAsyncMessage]"  nsresult: "0xc1f30001 (NS_ERROR_NOT_INITIALIZED)"  location: "JS frame :: resource://devtools/shared/base-loader.js -> resource://devtools/shared/webconsole/network-monitor.js :: NetworkEventActorProxy.methodFactory/< :: line 1875"  data: no]
Stack: NetworkEventActorProxy.methodFactory/<@resource://devtools/shared/base-loader.js -> resource://devtools/shared/webconsole/network-monitor.js:1875:5
exports.makeInfallible/<@resource://devtools/shared/base-loader.js -> resource://devtools/shared/ThreadSafeDevToolsUtils.js:109:14
_onComplete@resource://devtools/shared/base-loader.js -> resource://devtools/shared/webconsole/network-monitor.js:651:5
onStreamClose@resource://devtools/shared/base-loader.js -> resource://devtools/shared/webconsole/network-monitor.js:600:7
onInputStreamReady@resource://devtools/shared/base-loader.js -> resource://devtools/shared/webconsole/network-monitor.js:702:7
Line: 1875, column: 0
console.error: "Handler function NetworkEventActorProxy.addResponseContent threw an exception: [Exception... \"Component returned failure code: 0xc1f30001 (NS_ERROR_NOT_INITIALIZED) [nsIMessageSender.sendAsyncMessage]\"  nsresult: \"0xc1f30001 (NS_ERROR_NOT_INITIALIZED)\"  location: \"JS frame :: resource://devtools/shared/base-loader.js -> resource://devtools/shared/webconsole/network-monitor.js :: NetworkEventActorProxy.methodFactory/< :: line 1875\"  data: no]\nStack: NetworkEventActorProxy.methodFactory/<@resource://devtools/shared/base-loader.js -> resource://devtools/shared/webconsole/network-monitor.js:1875:5\nexports.makeInfallible/<@resource://devtools/shared/base-loader.js -> resource://devtools/shared/ThreadSafeDevToolsUtils.js:109:14\n_onComplete@resource://devtools/shared/base-loader.js -> resource://devtools/shared/webconsole/network-monitor.js:651:5\nonStreamClose@resource://devtools/shared/base-loader.js -> resource://devtools/shared/webconsole/network-monitor.js:600:7\nonInputStreamReady@resource://devtools/shared/base-loader.js -> resource://devtools/shared/webconsole/network-monitor.js:702:7\nLine: 1875, column: 0"
Handler function NetworkEventActorProxy.addResponseContent threw an exception: [Exception... "Component returned failure code: 0xc1f30001 (NS_ERROR_NOT_INITIALIZED) [nsIMessageSender.sendAsyncMessage]"  nsresult: "0xc1f30001 (NS_ERROR_NOT_INITIALIZED)"  location: "JS frame :: resource://devtools/shared/base-loader.js -> resource://devtools/shared/webconsole/network-monitor.js :: NetworkEventActorProxy.methodFactory/< :: line 1875"  data: no]
Stack: NetworkEventActorProxy.methodFactory/<@resource://devtools/shared/base-loader.js -> resource://devtools/shared/webconsole/network-monitor.js:1875:5
exports.makeInfallible/<@resource://devtools/shared/base-loader.js -> resource://devtools/shared/ThreadSafeDevToolsUtils.js:109:14
_onComplete@resource://devtools/shared/base-loader.js -> resource://devtools/shared/webconsole/network-monitor.js:651:5
onStreamClose@resource://devtools/shared/base-loader.js -> resource://devtools/shared/webconsole/network-monitor.js:600:7
onInputStreamReady@resource://devtools/shared/base-loader.js -> resource://devtools/shared/webconsole/network-monitor.js:702:7
Line: 1875, column: 0
console.error: "Handler function NetworkEventActorProxy.addResponseContent threw an exception: [Exception... \"Component returned failure code: 0xc1f30001 (NS_ERROR_NOT_INITIALIZED) [nsIMessageSender.sendAsyncMessage]\"  nsresult: \"0xc1f30001 (NS_ERROR_NOT_INITIALIZED)\"  location: \"JS frame :: resource://devtools/shared/base-loader.js -> resource://devtools/shared/webconsole/network-monitor.js :: NetworkEventActorProxy.methodFactory/< :: line 1875\"  data: no]\nStack: NetworkEventActorProxy.methodFactory/<@resource://devtools/shared/base-loader.js -> resource://devtools/shared/webconsole/network-monitor.js:1875:5\nexports.makeInfallible/<@resource://devtools/shared/base-loader.js -> resource://devtools/shared/ThreadSafeDevToolsUtils.js:109:14\n_onComplete@resource://devtools/shared/base-loader.js -> resource://devtools/shared/webconsole/network-monitor.js:651:5\nonStreamClose@resource://devtools/shared/base-loader.js -> resource://devtools/shared/webconsole/network-monitor.js:600:7\nonInputStreamReady@resource://devtools/shared/base-loader.js -> resource://devtools/shared/webconsole/network-monitor.js:702:7\nLine: 1875, column: 0"
JavaScript error: resource://devtools/shared/base-loader.js -> resource://devtools/server/actors/highlighters/auto-refresh.js, line 201: TypeError: this.win is null
JavaScript error: resource://devtools/shared/base-loader.js -> resource://devtools/server/actors/highlighters/auto-refresh.js, line 201: TypeError: this.win is null
JavaScript error: resource://devtools/shared/base-loader.js -> resource://devtools/server/actors/highlighters/auto-refresh.js, line 201: TypeError: this.win is null
[Child 28313, Chrome_ChildThread] WARNING: pipe error: Broken pipe: file /builds/worker/workspace/build/src/ipc/chromium/src/chrome/common/ipc_channel_posix.cc, line 709
[Child 28313, Chrome_ChildThread] WARNING: pipe error: Broken pipe: file /builds/worker/workspace/build/src/ipc/chromium/src/chrome/common/ipc_channel_posix.cc, line 709
1528327598427	geckodriver	INFO	geckodriver 0.20.1
1528327598514	geckodriver	INFO	Listening on 127.0.0.1:53266
1528327599465	mozrunner::runner	INFO	Running command: "/Applications/Firefox.app/Contents/MacOS/firefox-bin" "-marionette" "-profile" "/var/folders/w7/_7qwx7rj0ld46zc80qvccc9c0000gn/T/rust_mozprofile.pBLMAAapOi1T"
2018-06-06 16:26:40.805 plugin-container[28334:931437] *** CFMessagePort: bootstrap_register(): failed 1100 (0x44c) 'Permission denied', port = 0x833b, name = 'com.apple.tsm.portname'
See /usr/include/servers/bootstrap_defs.h for the error codes.
2018-06-06 16:26:40.906 plugin-container[28334:931437] *** CFMessagePort: bootstrap_register(): failed 1100 (0x44c) 'Permission denied', port = 0x83d3, name = 'com.apple.coredrag'
See /usr/include/servers/bootstrap_defs.h for the error codes.
1528327601227	Marionette	INFO	Listening on port 53277
1528327601237	Marionette	WARN	TLS certificate errors will be ignored for this session
2018-06-06 16:26:41.622 plugin-container[28335:931516] *** CFMessagePort: bootstrap_register(): failed 1100 (0x44c) 'Permission denied', port = 0x873f, name = 'com.apple.tsm.portname'
See /usr/include/servers/bootstrap_defs.h for the error codes.
2018-06-06 16:26:41.710 plugin-container[28335:931516] *** CFMessagePort: bootstrap_register(): failed 1100 (0x44c) 'Permission denied', port = 0x875b, name = 'com.apple.coredrag'
See /usr/include/servers/bootstrap_defs.h for the error codes.
JavaScript warning: https://ajax.googleapis.com/ajax/libs/jquery/1.10.2/jquery.min.js, line 1: Using //@ to indicate sourceMappingURL pragmas is deprecated. Use //# instead
JavaScript warning: https://www.googletagmanager.com/gtag/js?id=UA-5027625-1, line 69: unreachable code after return statement
JavaScript warning: https://www.googletagmanager.com/gtag/js?id=UA-5027625-1, line 69: unreachable code after return statement
2018-06-06 16:28:56.436 firefox-bin[28333:931373] IMKInputSession [0x10e7d4af0 presentFunctionRowItemTextInputViewWithEndpoint:completionHandler:] : [self textInputContext]=0x117ba6580 *NO* NSRemoteViewController to client, NSError=Error Domain=NSCocoaErrorDomain Code=4097 "connection from pid 0" UserInfo={NSDebugDescription=connection from pid 0}, com.apple.inputmethod.EmojiFunctionRowItem
JavaScript warning: https://ajax.googleapis.com/ajax/libs/jquery/1.10.2/jquery.min.js, line 1: Using //@ to indicate sourceMappingURL pragmas is deprecated. Use //# instead
JavaScript warning: https://www.googletagmanager.com/gtag/js?id=UA-5027625-1, line 69: unreachable code after return statement
JavaScript warning: https://www.googletagmanager.com/gtag/js?id=UA-5027625-1, line 69: unreachable code after return statement
2018-06-06 16:31:17.918 firefox-bin[28333:931373] IMKInputSession [0x10e7d4af0 presentFunctionRowItemTextInputViewWithEndpoint:completionHandler:] : [self textInputContext]=0x117ba6580 *NO* NSRemoteViewController to client, NSError=Error Domain=NSCocoaErrorDomain Code=4097 "connection from pid 0" UserInfo={NSDebugDescription=connection from pid 0}, com.apple.inputmethod.EmojiFunctionRowItem
